<?xml version="1.0" encoding="UTF-8"?>
<!-- Generated by org.testng.reporters.JUnitReportReporter -->
<testsuite hostname="GRITSENKO" name="com.example.tests.GroupRemovalTests" tests="1" failures="0" timestamp="20 Jul 2015 17:48:51 GMT" time="5.759" errors="0">
  <testcase name="deleteSomeGroup" time="5.759" classname="com.example.tests.GroupRemovalTests"/>
</testsuite> <!-- com.example.tests.GroupRemovalTests -->
