<?xml version="1.0" encoding="UTF-8"?>
<!-- Generated by org.testng.reporters.JUnitReportReporter -->
<testsuite hostname="GRITSENKO" name="com.example.tests.ContactCreationTests" tests="2" failures="0" timestamp="24 Jul 2015 09:01:05 GMT" time="13.262" errors="0">
  <testcase name="tesNonEmptyContactCreation" time="4.930" classname="com.example.tests.ContactCreationTests"/>
  <testcase name="tesEmptyContactCreation" time="8.332" classname="com.example.tests.ContactCreationTests"/>
</testsuite> <!-- com.example.tests.ContactCreationTests -->
