<?xml version="1.0" encoding="UTF-8"?>
<!-- Generated by org.testng.reporters.JUnitReportReporter -->
<testsuite hostname="user-PC" name="com.example.tests.GroupRemovalTests" tests="1" failures="0" timestamp="19 Aug 2015 17:46:45 GMT" time="6.026" errors="0">
  <testcase name="deleteSomeGroup" time="6.026" classname="com.example.tests.GroupRemovalTests"/>
</testsuite> <!-- com.example.tests.GroupRemovalTests -->
