<?xml version="1.0" encoding="UTF-8"?>
<!-- Generated by org.testng.reporters.JUnitReportReporter -->
<testsuite hostname="user-PC" name="com.example.tests.GroupModificationTests" tests="5" failures="0" timestamp="19 Aug 2015 18:03:49 GMT" time="19.769" errors="0">
  <testcase name="modifySomeGroup" time="5.832" classname="com.example.tests.GroupModificationTests"/>
  <testcase name="modifySomeGroup" time="3.692" classname="com.example.tests.GroupModificationTests"/>
  <testcase name="modifySomeGroup" time="3.963" classname="com.example.tests.GroupModificationTests"/>
  <testcase name="modifySomeGroup" time="3.136" classname="com.example.tests.GroupModificationTests"/>
  <testcase name="modifySomeGroup" time="3.146" classname="com.example.tests.GroupModificationTests"/>
</testsuite> <!-- com.example.tests.GroupModificationTests -->
