<?xml version="1.0" encoding="UTF-8"?>
<!-- Generated by org.testng.reporters.JUnitReportReporter -->
<testsuite hostname="GRITSENKO" name="com.example.tests.GroupModificationTests" tests="1" failures="0" timestamp="24 Jul 2015 17:40:34 GMT" time="4.954" errors="0">
  <testcase name="modifySomeGroup" time="4.954" classname="com.example.tests.GroupModificationTests"/>
</testsuite> <!-- com.example.tests.GroupModificationTests -->
